<?xml version="1.0" encoding="UTF-8"?>
<!-- Generated by org.testng.reporters.JUnitReportReporter -->
<testsuite hostname="VRASHTI" failures="0" tests="3" name="testNg.DataProvider" time="0.010" errors="0" timestamp="2023-01-05T15:25:03 IST" skipped="0">
  <testcase classname="testNg.DataProvider" name="test" time="0.004"/>
  <system-out/>
  <testcase classname="testNg.DataProvider" name="test" time="0.003"/>
  <system-out/>
  <testcase classname="testNg.DataProvider" name="test" time="0.003"/>
  <system-out/>
</testsuite> <!-- testNg.DataProvider -->
