<?xml version="1.0" encoding="UTF-8"?>
<!-- Generated by org.testng.reporters.JUnitReportReporter -->
<testsuite hostname="VRASHTI" failures="0" tests="2" name="testNg.ClassA" time="0.017" errors="0" timestamp="2023-01-05T15:38:11 IST" skipped="0">
  <testcase classname="testNg.ClassA" name="logout" time="0.003"/>
  <system-out/>
  <testcase classname="testNg.ClassA" name="login" time="0.014"/>
  <system-out/>
</testsuite> <!-- testNg.ClassA -->
