<?xml version="1.0" encoding="UTF-8"?>
<!-- Generated by org.testng.reporters.JUnitReportReporter -->
<testsuite hostname="VRASHTI" failures="0" tests="1" name="testNg.ClassB" time="0.002" errors="0" timestamp="2023-01-05T15:38:11 IST" skipped="0">
  <testcase classname="testNg.ClassB" name="logout" time="0.002"/>
  <system-out/>
</testsuite> <!-- testNg.ClassB -->
