<?xml version="1.0" encoding="UTF-8"?>
<!-- Generated by org.testng.reporters.JUnitReportReporter -->
<testsuite hostname="VRASHTI" failures="0" tests="5" name="testNg.Test1" time="0.011" errors="0" timestamp="2023-01-05T15:25:03 IST" skipped="0">
  <testcase classname="testNg.Test1" name="aDemo" time="0.001"/>
  <system-out/>
  <testcase classname="testNg.Test1" name="eDemo" time="0.003"/>
  <system-out/>
  <testcase classname="testNg.Test1" name="Demo1" time="0.003"/>
  <system-out/>
  <testcase classname="testNg.Test1" name="Demo2" time="0.002"/>
  <system-out/>
  <testcase classname="testNg.Test1" name="ADemo" time="0.002"/>
  <system-out/>
</testsuite> <!-- testNg.Test1 -->
