<?xml version="1.0" encoding="UTF-8"?>
<!-- Generated by org.testng.reporters.JUnitReportReporter -->
<testsuite hostname="VRASHTI" failures="0" tests="3" name="testNg.ClassE" time="161.557" errors="0" timestamp="2023-01-05T17:00:20 IST" skipped="0">
  <testcase classname="testNg.ClassE" name="demo" time="74.899"/>
  <system-out/>
  <testcase classname="testNg.ClassE" name="demo" time="49.480"/>
  <system-out/>
  <testcase classname="testNg.ClassE" name="demo" time="37.178"/>
  <system-out/>
</testsuite> <!-- testNg.ClassE -->
