<?xml version="1.0" encoding="UTF-8"?>
<!-- Generated by org.testng.reporters.JUnitReportReporter -->
<testsuite hostname="VRASHTI" failures="0" tests="1" name="testNg.ClassD" time="3.322" errors="0" timestamp="2023-01-04T16:53:09 IST" skipped="0">
  <testcase classname="testNg.ClassD" name="demo2" time="3.322"/>
  <system-out/>
</testsuite> <!-- testNg.ClassD -->
