<?xml version="1.0" encoding="UTF-8"?>
<!-- Generated by org.testng.reporters.JUnitReportReporter -->
<testsuite hostname="VRASHTI" failures="0" tests="1" name="basicTestScript.DemoTestScriptTest" time="0.003" errors="0" timestamp="2023-01-06T16:10:27 IST" skipped="0">
  <testcase classname="basicTestScript.DemoTestScriptTest" name="verifyHomePage" time="0.003"/>
  <system-out/>
</testsuite> <!-- basicTestScript.DemoTestScriptTest -->
