<?xml version="1.0" encoding="UTF-8"?>
<!-- Generated by org.testng.reporters.JUnitReportReporter -->
<testsuite hostname="VRASHTI" failures="0" tests="5" name="testNg.InvocationCount" time="0.029" errors="0" timestamp="2023-01-05T15:25:03 IST" skipped="0">
  <testcase classname="testNg.InvocationCount" name="demoTest" time="0.002"/>
  <system-out/>
  <testcase classname="testNg.InvocationCount" name="demoTest" time="0.021"/>
  <system-out/>
  <testcase classname="testNg.InvocationCount" name="demoTest" time="0.002"/>
  <system-out/>
  <testcase classname="testNg.InvocationCount" name="demoTest" time="0.002"/>
  <system-out/>
  <testcase classname="testNg.InvocationCount" name="demoTest" time="0.002"/>
  <system-out/>
</testsuite> <!-- testNg.InvocationCount -->
