<?xml version="1.0" encoding="UTF-8"?>
<!-- Generated by org.testng.reporters.JUnitReportReporter -->
<testsuite hostname="VRASHTI" failures="0" tests="1" name="basicTestScript.DemoTestScriptTest2" time="0.013" errors="0" timestamp="2023-01-06T16:10:27 IST" skipped="0">
  <testcase classname="basicTestScript.DemoTestScriptTest2" name="verifyCustomer" time="0.013"/>
  <system-out/>
</testsuite> <!-- basicTestScript.DemoTestScriptTest2 -->
